mode: set
spring-boot-operator/controllers/springbootapplication_controller.go:47.92,54.16 6 0
spring-boot-operator/controllers/springbootapplication_controller.go:58.2,60.16 3 0
spring-boot-operator/controllers/springbootapplication_controller.go:64.2,80.85 5 0
spring-boot-operator/controllers/springbootapplication_controller.go:83.2,83.76 1 0
spring-boot-operator/controllers/springbootapplication_controller.go:117.2,119.85 2 0
spring-boot-operator/controllers/springbootapplication_controller.go:122.2,122.75 1 0
spring-boot-operator/controllers/springbootapplication_controller.go:279.2,279.27 1 0
spring-boot-operator/controllers/springbootapplication_controller.go:54.16,57.3 2 0
spring-boot-operator/controllers/springbootapplication_controller.go:60.16,63.3 2 0
spring-boot-operator/controllers/springbootapplication_controller.go:80.85,82.3 1 0
spring-boot-operator/controllers/springbootapplication_controller.go:83.76,86.52 1 0
spring-boot-operator/controllers/springbootapplication_controller.go:99.3,106.33 3 0
spring-boot-operator/controllers/springbootapplication_controller.go:109.3,109.13 1 0
spring-boot-operator/controllers/springbootapplication_controller.go:86.52,88.4 1 0
spring-boot-operator/controllers/springbootapplication_controller.go:106.33,108.4 1 0
spring-boot-operator/controllers/springbootapplication_controller.go:110.17,113.3 2 0
spring-boot-operator/controllers/springbootapplication_controller.go:113.8,115.3 1 0
spring-boot-operator/controllers/springbootapplication_controller.go:119.85,121.3 1 0
spring-boot-operator/controllers/springbootapplication_controller.go:122.75,129.51 2 0
spring-boot-operator/controllers/springbootapplication_controller.go:135.3,140.42 3 0
spring-boot-operator/controllers/springbootapplication_controller.go:143.3,205.43 2 0
spring-boot-operator/controllers/springbootapplication_controller.go:213.3,214.29 2 0
spring-boot-operator/controllers/springbootapplication_controller.go:232.3,233.20 2 0
spring-boot-operator/controllers/springbootapplication_controller.go:257.3,271.13 3 0
spring-boot-operator/controllers/springbootapplication_controller.go:129.51,131.4 1 0
spring-boot-operator/controllers/springbootapplication_controller.go:140.42,142.4 1 0
spring-boot-operator/controllers/springbootapplication_controller.go:205.43,207.55 2 0
spring-boot-operator/controllers/springbootapplication_controller.go:210.4,210.41 1 0
spring-boot-operator/controllers/springbootapplication_controller.go:207.55,209.5 1 0
spring-boot-operator/controllers/springbootapplication_controller.go:214.29,230.4 1 0
spring-boot-operator/controllers/springbootapplication_controller.go:233.20,255.4 6 0
spring-boot-operator/controllers/springbootapplication_controller.go:272.17,275.3 2 0
spring-boot-operator/controllers/springbootapplication_controller.go:275.8,277.3 1 0
spring-boot-operator/controllers/springbootapplication_controller.go:282.84,286.2 1 0
